;  LST file generated by mikroListExporter - v.2.0 
; Date/Time: 07/10/2016 10:51:47 a.m.
;----------------------------------------------

;Address Opcode 	ASM
0x0000	0x285C      	GOTO       92
_UART1_Write:
;__Lib_UART_c67.c,39 :: 		
;__Lib_UART_c67.c,40 :: 		
L_UART1_Write3:
0x0003	0x1683      	BSF        STATUS, 5
0x0004	0x1303      	BCF        STATUS, 6
0x0005	0x1898      	BTFSC      TXSTA, 1
0x0006	0x2809      	GOTO       L_UART1_Write4
;__Lib_UART_c67.c,41 :: 		
0x0007	0x0000      	NOP
0x0008	0x2803      	GOTO       L_UART1_Write3
L_UART1_Write4:
;__Lib_UART_c67.c,42 :: 		
0x0009	0x1283      	BCF        STATUS, 5
0x000A	0x0826      	MOVF       FARG_UART1_Write_data_, 0
0x000B	0x0099      	MOVWF      TXREG
;__Lib_UART_c67.c,43 :: 		
L_end_UART1_Write:
0x000C	0x0008      	RETURN
; end of _UART1_Write
_____DoICP:
;__Lib_System.c,6 :: 		
;__Lib_System.c,9 :: 		
0x000D	0x1283      	BCF        STATUS, 5
0x000E	0x1303      	BCF        STATUS, 6
0x000F	0x0821      	MOVF       ___DoICPAddr+1, 0
0x0010	0x008A      	MOVWF      PCLATH
;__Lib_System.c,10 :: 		
0x0011	0x0820      	MOVF       ___DoICPAddr, 0
0x0012	0x0082      	MOVWF      PCL
;__Lib_System.c,12 :: 		
L_end_____DoICP:
0x0013	0x0008      	RETURN
; end of _____DoICP
_UART1_Data_Ready:
;__Lib_UART_c67.c,16 :: 		
;__Lib_UART_c67.c,17 :: 		
0x0014	0x3000      	MOVLW      0
0x0015	0x1283      	BCF        STATUS, 5
0x0016	0x1303      	BCF        STATUS, 6
0x0017	0x1A8C      	BTFSC      PIR1, 5
0x0018	0x3001      	MOVLW      1
0x0019	0x00F0      	MOVWF      R0
;__Lib_UART_c67.c,18 :: 		
L_end_UART1_Data_Ready:
0x001A	0x0008      	RETURN
; end of _UART1_Data_Ready
_UART1_Read:
;__Lib_UART_c67.c,21 :: 		
;__Lib_UART_c67.c,24 :: 		
0x001B	0x1283      	BCF        STATUS, 5
0x001C	0x1303      	BCF        STATUS, 6
0x001D	0x081A      	MOVF       RCREG, 0
0x001E	0x00F1      	MOVWF      R1
;__Lib_UART_c67.c,25 :: 		
0x001F	0x1C98      	BTFSS      RCSTA, 1
0x0020	0x2823      	GOTO       L_UART1_Read2
;__Lib_UART_c67.c,26 :: 		
0x0021	0x1218      	BCF        RCSTA, 4
;__Lib_UART_c67.c,27 :: 		
0x0022	0x1618      	BSF        RCSTA, 4
;__Lib_UART_c67.c,28 :: 		
L_UART1_Read2:
;__Lib_UART_c67.c,29 :: 		
0x0023	0x0871      	MOVF       R1, 0
0x0024	0x00F0      	MOVWF      R0
;__Lib_UART_c67.c,30 :: 		
L_end_UART1_Read:
0x0025	0x0008      	RETURN
; end of _UART1_Read
_UART1_Init:
;__Lib_UART_c67.c,2 :: 		
;__Lib_UART_c67.c,5 :: 		
0x0026	0x1683      	BSF        STATUS, 5
0x0027	0x1303      	BCF        STATUS, 6
0x0028	0x1698      	BSF        TXSTA, 5
;__Lib_UART_c67.c,6 :: 		
0x0029	0x3090      	MOVLW      144
0x002A	0x1283      	BCF        STATUS, 5
0x002B	0x0098      	MOVWF      RCSTA
;__Lib_UART_c67.c,7 :: 		
0x002C	0x1683      	BSF        STATUS, 5
0x002D	0x1787      	BSF        TRISC7_bit, BitPos(TRISC7_bit+0)
;__Lib_UART_c67.c,8 :: 		
0x002E	0x1307      	BCF        TRISC6_bit, BitPos(TRISC6_bit+0)
;__Lib_UART_c67.c,10 :: 		
L_UART1_Init0:
0x002F	0x1283      	BCF        STATUS, 5
0x0030	0x1E8C      	BTFSS      PIR1, 5
0x0031	0x2835      	GOTO       L_UART1_Init1
;__Lib_UART_c67.c,11 :: 		
0x0032	0x081A      	MOVF       RCREG, 0
0x0033	0x00F0      	MOVWF      R0
0x0034	0x282F      	GOTO       L_UART1_Init0
L_UART1_Init1:
;__Lib_UART_c67.c,12 :: 		
L_end_UART1_Init:
0x0035	0x0008      	RETURN
; end of _UART1_Init
_ver:
;practica7.c,17 :: 		void ver(const unsigned char txt[])
;practica7.c,20 :: 		for(i=0;i<15;i++)
0x0036	0x1283      	BCF        STATUS, 5
0x0037	0x1303      	BCF        STATUS, 6
0x0038	0x01A5      	CLRF       ver_i_L0
L_ver0:
0x0039	0x300F      	MOVLW      15
0x003A	0x0225      	SUBWF      ver_i_L0, 0
0x003B	0x1803      	BTFSC      STATUS, 0
0x003C	0x284F      	GOTO       L_ver1
;practica7.c,22 :: 		uart1_write(txt[i]);
0x003D	0x0825      	MOVF       ver_i_L0, 0
0x003E	0x0723      	ADDWF      FARG_ver_txt, 0
0x003F	0x00F0      	MOVWF      R0
0x0040	0x0824      	MOVF       FARG_ver_txt+1, 0
0x0041	0x1803      	BTFSC      STATUS, 0
0x0042	0x3E01      	ADDLW      1
0x0043	0x00F1      	MOVWF      R0+1
0x0044	0x0870      	MOVF       R0, 0
0x0045	0x00A0      	MOVWF      ___DoICPAddr
0x0046	0x0871      	MOVF       R0+1, 0
0x0047	0x00A1      	MOVWF      ___DoICPAddr+1
0x0048	0x200D      	CALL       _____DoICP
0x0049	0x118A      	BCF        PCLATH, 3
0x004A	0x120A      	BCF        PCLATH, 4
0x004B	0x00A6      	MOVWF      FARG_UART1_Write_data_
0x004C	0x2003      	CALL       _UART1_Write
;practica7.c,20 :: 		for(i=0;i<15;i++)
0x004D	0x0AA5      	INCF       ver_i_L0, 1
;practica7.c,23 :: 		}
0x004E	0x2839      	GOTO       L_ver0
L_ver1:
;practica7.c,24 :: 		}
L_end_ver:
0x004F	0x0008      	RETURN
; end of _ver
___CC2DW:
;__Lib_System.c,134 :: 		
;__Lib_System.c,137 :: 		
_CC2D_Loop1:
;__Lib_System.c,139 :: 		
0x0050	0x200D      	CALL       _____DoICP
0x0051	0x118A      	BCF        PCLATH, 3
0x0052	0x120A      	BCF        PCLATH, 4
;__Lib_System.c,141 :: 		
0x0053	0x0080      	MOVWF      INDF
;__Lib_System.c,142 :: 		
0x0054	0x0A84      	INCF       FSR, 1
;__Lib_System.c,143 :: 		
0x0055	0x0AA0      	INCF       ___DoICPAddr, 1
;__Lib_System.c,145 :: 		
0x0056	0x1903      	BTFSC      STATUS, 2
;__Lib_System.c,146 :: 		
0x0057	0x0AA1      	INCF       ___DoICPAddr+1, 1
;__Lib_System.c,147 :: 		
0x0058	0x03F0      	DECF       R0, 1
;__Lib_System.c,149 :: 		
0x0059	0x1D03      	BTFSS      STATUS, 2
;__Lib_System.c,150 :: 		
0x005A	0x2850      	GOTO       _CC2D_Loop1
;__Lib_System.c,152 :: 		
L_end___CC2DW:
0x005B	0x0008      	RETURN
; end of ___CC2DW
_main:
;practica7.c,26 :: 		void main() {
;practica7.c,27 :: 		TXSTA.SYNC=0; // EUSART en Modo Asincrono
0x005C	0x1683      	BSF        STATUS, 5
0x005D	0x1303      	BCF        STATUS, 6
0x005E	0x1218      	BCF        TXSTA, 4
;practica7.c,29 :: 		ANSEL  = 0;                     // Configure AN pins as digital
0x005F	0x1703      	BSF        STATUS, 6
0x0060	0x0188      	CLRF       ANSEL
;practica7.c,30 :: 		ANSELH = 0;
0x0061	0x0189      	CLRF       ANSELH
;practica7.c,31 :: 		C1ON_BIT=0;
0x0062	0x1283      	BCF        STATUS, 5
0x0063	0x1387      	BCF        C1ON_bit, BitPos(C1ON_bit+0)
;practica7.c,32 :: 		C2ON_BIT=0;
0x0064	0x1388      	BCF        C2ON_bit, BitPos(C2ON_bit+0)
;practica7.c,33 :: 		TRISC=0xFF;
0x0065	0x30FF      	MOVLW      255
0x0066	0x1683      	BSF        STATUS, 5
0x0067	0x1303      	BCF        STATUS, 6
0x0068	0x0087      	MOVWF      TRISC
;practica7.c,34 :: 		PORTC=0x00;
0x0069	0x1283      	BCF        STATUS, 5
0x006A	0x0187      	CLRF       PORTC
;practica7.c,35 :: 		UART1_Init(9600);               // Initialize UART module at 9600 bps
0x006B	0x3033      	MOVLW      51
0x006C	0x1683      	BSF        STATUS, 5
0x006D	0x0099      	MOVWF      SPBRG
0x006E	0x1518      	BSF        TXSTA, 2
0x006F	0x2026      	CALL       _UART1_Init
;practica7.c,36 :: 		Delay_ms(100);                  // Wait for UART module to stabilize
0x0070	0x3002      	MOVLW      2
0x0071	0x00FB      	MOVWF      R11
0x0072	0x3004      	MOVLW      4
0x0073	0x00FC      	MOVWF      R12
0x0074	0x30BA      	MOVLW      186
0x0075	0x00FD      	MOVWF      R13
L_main3:
0x0076	0x0BFD      	DECFSZ     R13, 1
0x0077	0x2876      	GOTO       L_main3
0x0078	0x0BFC      	DECFSZ     R12, 1
0x0079	0x2876      	GOTO       L_main3
0x007A	0x0BFB      	DECFSZ     R11, 1
0x007B	0x2876      	GOTO       L_main3
0x007C	0x0000      	NOP
;practica7.c,37 :: 		PIE1.RCIE=1; // Habilitacion de interrupcion por recepcion
0x007D	0x1683      	BSF        STATUS, 5
0x007E	0x168C      	BSF        PIE1, 5
;practica7.c,38 :: 		INTCON.PEIE=1; // Habilitacion de interrupcion por periferico
0x007F	0x170B      	BSF        INTCON, 6
;practica7.c,39 :: 		INTCON.GIE=1; // Habilitacion Global de las interruopcciones
0x0080	0x178B      	BSF        INTCON, 7
;practica7.c,44 :: 		while (1) {                     // Endless loop
L_main4:
;practica7.c,45 :: 		UART1_Data_Ready();     // If data is received,
0x0081	0x2014      	CALL       _UART1_Data_Ready
;practica7.c,46 :: 		UART1_Read();     // read the received data,
0x0082	0x201B      	CALL       _UART1_Read
;practica7.c,50 :: 		ver (txt1);
0x0083	0x3020      	MOVLW      _txt1
0x0084	0x00A3      	MOVWF      FARG_ver_txt
0x0085	0x3001      	MOVLW      hi_addr(_txt1)
0x0086	0x00A4      	MOVWF      FARG_ver_txt+1
0x0087	0x2036      	CALL       _ver
;practica7.c,51 :: 		UART1_Write(10);
0x0088	0x300A      	MOVLW      10
0x0089	0x00A6      	MOVWF      FARG_UART1_Write_data_
0x008A	0x2003      	CALL       _UART1_Write
;practica7.c,52 :: 		UART1_Write(13);
0x008B	0x300D      	MOVLW      13
0x008C	0x00A6      	MOVWF      FARG_UART1_Write_data_
0x008D	0x2003      	CALL       _UART1_Write
;practica7.c,54 :: 		ver (txt2);
0x008E	0x3032      	MOVLW      _txt2
0x008F	0x00A3      	MOVWF      FARG_ver_txt
0x0090	0x3001      	MOVLW      hi_addr(_txt2)
0x0091	0x00A4      	MOVWF      FARG_ver_txt+1
0x0092	0x2036      	CALL       _ver
;practica7.c,55 :: 		UART1_Write(10);
0x0093	0x300A      	MOVLW      10
0x0094	0x00A6      	MOVWF      FARG_UART1_Write_data_
0x0095	0x2003      	CALL       _UART1_Write
;practica7.c,56 :: 		UART1_Write(13);
0x0096	0x300D      	MOVLW      13
0x0097	0x00A6      	MOVWF      FARG_UART1_Write_data_
0x0098	0x2003      	CALL       _UART1_Write
;practica7.c,58 :: 		ver (txt3);
0x0099	0x3044      	MOVLW      _txt3
0x009A	0x00A3      	MOVWF      FARG_ver_txt
0x009B	0x3001      	MOVLW      hi_addr(_txt3)
0x009C	0x00A4      	MOVWF      FARG_ver_txt+1
0x009D	0x2036      	CALL       _ver
;practica7.c,59 :: 		UART1_Write(10);
0x009E	0x300A      	MOVLW      10
0x009F	0x00A6      	MOVWF      FARG_UART1_Write_data_
0x00A0	0x2003      	CALL       _UART1_Write
;practica7.c,60 :: 		UART1_Write(13);
0x00A1	0x300D      	MOVLW      13
0x00A2	0x00A6      	MOVWF      FARG_UART1_Write_data_
0x00A3	0x2003      	CALL       _UART1_Write
;practica7.c,62 :: 		while(uart1_data_ready()==0);
L_main6:
0x00A4	0x2014      	CALL       _UART1_Data_Ready
0x00A5	0x0870      	MOVF       R0, 0
0x00A6	0x3A00      	XORLW      0
0x00A7	0x1D03      	BTFSS      STATUS, 2
0x00A8	0x28AA      	GOTO       L_main7
0x00A9	0x28A4      	GOTO       L_main6
L_main7:
;practica7.c,63 :: 		uart_rd = uart1_read();
0x00AA	0x201B      	CALL       _UART1_Read
0x00AB	0x0870      	MOVF       R0, 0
0x00AC	0x00A2      	MOVWF      _uart_rd
;practica7.c,64 :: 		switch(uart_rd)
0x00AD	0x28CA      	GOTO       L_main8
;practica7.c,66 :: 		case 'a': led1=on; ver(txt5);break;
L_main10:
0x00AE	0x1407      	BSF        PORTC, 0
0x00AF	0x300E      	MOVLW      _txt5
0x00B0	0x00A3      	MOVWF      FARG_ver_txt
0x00B1	0x3001      	MOVLW      hi_addr(_txt5)
0x00B2	0x00A4      	MOVWF      FARG_ver_txt+1
0x00B3	0x2036      	CALL       _ver
0x00B4	0x28D6      	GOTO       L_main9
;practica7.c,67 :: 		case 'b': led1=off; ver(txt6);break;
L_main11:
0x00B5	0x1007      	BCF        PORTC, 0
0x00B6	0x30D8      	MOVLW      _txt6
0x00B7	0x00A3      	MOVWF      FARG_ver_txt
0x00B8	0x3000      	MOVLW      hi_addr(_txt6)
0x00B9	0x00A4      	MOVWF      FARG_ver_txt+1
0x00BA	0x2036      	CALL       _ver
0x00BB	0x28D6      	GOTO       L_main9
;practica7.c,68 :: 		case 'c': if(sw1==on){
L_main12:
0x00BC	0x1C05      	BTFSS      PORTA, 0
0x00BD	0x28C4      	GOTO       L_main13
;practica7.c,69 :: 		ver (txt7);
0x00BE	0x30EA      	MOVLW      _txt7
0x00BF	0x00A3      	MOVWF      FARG_ver_txt
0x00C0	0x3000      	MOVLW      hi_addr(_txt7)
0x00C1	0x00A4      	MOVWF      FARG_ver_txt+1
0x00C2	0x2036      	CALL       _ver
;practica7.c,70 :: 		}
0x00C3	0x28C9      	GOTO       L_main14
L_main13:
;practica7.c,71 :: 		else ver(txt8);
0x00C4	0x30FC      	MOVLW      _txt8
0x00C5	0x00A3      	MOVWF      FARG_ver_txt
0x00C6	0x3000      	MOVLW      hi_addr(_txt8)
0x00C7	0x00A4      	MOVWF      FARG_ver_txt+1
0x00C8	0x2036      	CALL       _ver
L_main14:
;practica7.c,72 :: 		}
0x00C9	0x28D6      	GOTO       L_main9
L_main8:
0x00CA	0x0822      	MOVF       _uart_rd, 0
0x00CB	0x3A61      	XORLW      97
0x00CC	0x1903      	BTFSC      STATUS, 2
0x00CD	0x28AE      	GOTO       L_main10
0x00CE	0x0822      	MOVF       _uart_rd, 0
0x00CF	0x3A62      	XORLW      98
0x00D0	0x1903      	BTFSC      STATUS, 2
0x00D1	0x28B5      	GOTO       L_main11
0x00D2	0x0822      	MOVF       _uart_rd, 0
0x00D3	0x3A63      	XORLW      99
0x00D4	0x1903      	BTFSC      STATUS, 2
0x00D5	0x28BC      	GOTO       L_main12
L_main9:
;practica7.c,74 :: 		}
0x00D6	0x2881      	GOTO       L_main4
;practica7.c,75 :: 		}
L_end_main:
0x00D7	0x28D7      	GOTO       $+0
; end of _main
;practica7.c,5 :: _txt6
0x00D8	0x346C ;_txt6+0
0x00D9	0x3465 ;_txt6+1
0x00DA	0x3464 ;_txt6+2
0x00DB	0x3420 ;_txt6+3
0x00DC	0x3431 ;_txt6+4
0x00DD	0x3420 ;_txt6+5
0x00DE	0x343D ;_txt6+6
0x00DF	0x3420 ;_txt6+7
0x00E0	0x346F ;_txt6+8
0x00E1	0x3466 ;_txt6+9
0x00E2	0x3466 ;_txt6+10
0x00E3	0x3420 ;_txt6+11
0x00E4	0x3420 ;_txt6+12
0x00E5	0x3420 ;_txt6+13
0x00E6	0x3420 ;_txt6+14
0x00E7	0x340A ;_txt6+15
0x00E8	0x340C ;_txt6+16
0x00E9	0x3400 ;_txt6+17
; end of _txt6
;practica7.c,6 :: _txt7
0x00EA	0x3453 ;_txt7+0
0x00EB	0x3477 ;_txt7+1
0x00EC	0x3469 ;_txt7+2
0x00ED	0x3472 ;_txt7+3
0x00EE	0x3463 ;_txt7+4
0x00EF	0x3468 ;_txt7+5
0x00F0	0x3420 ;_txt7+6
0x00F1	0x3463 ;_txt7+7
0x00F2	0x3465 ;_txt7+8
0x00F3	0x3472 ;_txt7+9
0x00F4	0x3472 ;_txt7+10
0x00F5	0x3461 ;_txt7+11
0x00F6	0x3464 ;_txt7+12
0x00F7	0x346F ;_txt7+13
0x00F8	0x3420 ;_txt7+14
0x00F9	0x340A ;_txt7+15
0x00FA	0x340C ;_txt7+16
0x00FB	0x3400 ;_txt7+17
; end of _txt7
;practica7.c,7 :: _txt8
0x00FC	0x3473 ;_txt8+0
0x00FD	0x3477 ;_txt8+1
0x00FE	0x3469 ;_txt8+2
0x00FF	0x3474 ;_txt8+3
0x0100	0x3463 ;_txt8+4
0x0101	0x3468 ;_txt8+5
0x0102	0x3420 ;_txt8+6
0x0103	0x3461 ;_txt8+7
0x0104	0x3462 ;_txt8+8
0x0105	0x3469 ;_txt8+9
0x0106	0x3465 ;_txt8+10
0x0107	0x3472 ;_txt8+11
0x0108	0x3474 ;_txt8+12
0x0109	0x346F ;_txt8+13
0x010A	0x3420 ;_txt8+14
0x010B	0x340A ;_txt8+15
0x010C	0x340C ;_txt8+16
0x010D	0x3400 ;_txt8+17
; end of _txt8
;practica7.c,4 :: _txt5
0x010E	0x346C ;_txt5+0
0x010F	0x3465 ;_txt5+1
0x0110	0x3464 ;_txt5+2
0x0111	0x3420 ;_txt5+3
0x0112	0x3431 ;_txt5+4
0x0113	0x3420 ;_txt5+5
0x0114	0x343D ;_txt5+6
0x0115	0x3420 ;_txt5+7
0x0116	0x346F ;_txt5+8
0x0117	0x346E ;_txt5+9
0x0118	0x3420 ;_txt5+10
0x0119	0x3420 ;_txt5+11
0x011A	0x3420 ;_txt5+12
0x011B	0x3420 ;_txt5+13
0x011C	0x3420 ;_txt5+14
0x011D	0x340A ;_txt5+15
0x011E	0x340C ;_txt5+16
0x011F	0x3400 ;_txt5+17
; end of _txt5
;practica7.c,1 :: _txt1
0x0120	0x344C ;_txt1+0
0x0121	0x3445 ;_txt1+1
0x0122	0x3444 ;_txt1+2
0x0123	0x3420 ;_txt1+3
0x0124	0x3431 ;_txt1+4
0x0125	0x3420 ;_txt1+5
0x0126	0x346F ;_txt1+6
0x0127	0x346E ;_txt1+7
0x0128	0x3420 ;_txt1+8
0x0129	0x343D ;_txt1+9
0x012A	0x3420 ;_txt1+10
0x012B	0x3461 ;_txt1+11
0x012C	0x3420 ;_txt1+12
0x012D	0x3420 ;_txt1+13
0x012E	0x3420 ;_txt1+14
0x012F	0x340A ;_txt1+15
0x0130	0x340C ;_txt1+16
0x0131	0x3400 ;_txt1+17
; end of _txt1
;practica7.c,2 :: _txt2
0x0132	0x344C ;_txt2+0
0x0133	0x3445 ;_txt2+1
0x0134	0x3444 ;_txt2+2
0x0135	0x3420 ;_txt2+3
0x0136	0x3431 ;_txt2+4
0x0137	0x3420 ;_txt2+5
0x0138	0x346F ;_txt2+6
0x0139	0x3466 ;_txt2+7
0x013A	0x3466 ;_txt2+8
0x013B	0x3420 ;_txt2+9
0x013C	0x343D ;_txt2+10
0x013D	0x3420 ;_txt2+11
0x013E	0x3462 ;_txt2+12
0x013F	0x3420 ;_txt2+13
0x0140	0x3420 ;_txt2+14
0x0141	0x340A ;_txt2+15
0x0142	0x340C ;_txt2+16
0x0143	0x3400 ;_txt2+17
; end of _txt2
;practica7.c,3 :: _txt3
0x0144	0x3473 ;_txt3+0
0x0145	0x3477 ;_txt3+1
0x0146	0x3431 ;_txt3+2
0x0147	0x3420 ;_txt3+3
0x0148	0x343D ;_txt3+4
0x0149	0x3420 ;_txt3+5
0x014A	0x3474 ;_txt3+6
0x014B	0x3465 ;_txt3+7
0x014C	0x3463 ;_txt3+8
0x014D	0x346C ;_txt3+9
0x014E	0x3461 ;_txt3+10
0x014F	0x3420 ;_txt3+11
0x0150	0x3463 ;_txt3+12
0x0151	0x3420 ;_txt3+13
0x0152	0x3420 ;_txt3+14
0x0153	0x340A ;_txt3+15
0x0154	0x340C ;_txt3+16
0x0155	0x3400 ;_txt3+17
; end of _txt3
Symbol List:
//** Routines locations **
//ADDRESS    SIZE    PROCEDURE
//----------------------------------------------
0x0003      [10]    _UART1_Write
0x000D       [7]    _____DoICP
0x0014       [7]    _UART1_Data_Ready
0x001B      [11]    _UART1_Read
0x0026      [16]    _UART1_Init
0x0036      [26]    _ver
0x0050      [12]    ___CC2DW
0x005C     [124]    _main
//** Variables locations ** 
//ADDRESS    SIZE    VARIABLE
//----------------------------------------------
0x0000       [1]    INDF
0x0002       [1]    PCL
0x0003       [1]    STATUS
0x0004       [1]    FSR
0x0005       [1]    PORTA
0x0007       [1]    PORTC
0x000A       [1]    PCLATH
0x000B       [1]    INTCON
0x000C       [1]    PIR1
0x0018       [1]    RCSTA
0x0019       [1]    TXREG
0x001A       [1]    RCREG
0x0020       [2]    ___DoICPAddr
0x0022       [1]    _uart_rd
0x0023       [2]    FARG_ver_txt
0x0025       [1]    ver_i_L0
0x0026       [1]    FARG_UART1_Write_data_
0x0070       [1]    R0
0x0071       [1]    R1
0x0072       [1]    R2
0x0073       [1]    R3
0x0074       [1]    R4
0x0075       [1]    R5
0x0076       [1]    R6
0x0077       [1]    R7
0x0078       [1]    R8
0x0079       [1]    R9
0x007A       [1]    R10
0x007B       [1]    R11
0x007C       [1]    R12
0x007D       [1]    R13
0x007E       [1]    R14
0x007F       [1]    R15
0x0087       [1]    TRISC
0x0087       [0]    TRISC7_bit
0x0087       [0]    TRISC6_bit
0x008C       [1]    PIE1
0x0098       [1]    TXSTA
0x0099       [1]    SPBRG
0x009A       [1]    SPBRGH
0x0107       [0]    C1ON_bit
0x0108       [0]    C2ON_bit
0x0188       [1]    ANSEL
0x0189       [1]    ANSELH
//** Constants locations ** 
//ADDRESS    SIZE    CONSTANT
//----------------------------------------------
0x00D8      [18]    _txt6
0x00EA      [18]    _txt7
0x00FC      [18]    _txt8
0x010E      [18]    _txt5
0x0120      [18]    _txt1
0x0132      [18]    _txt2
0x0144      [18]    _txt3
